2014-10-26 09:01:01,849 [main] INFO  org.springframework.beans.factory.xml.XmlBeanDefinitionReader - Loading XML bean definitions from class path resource [applicationContextTest.xml]
2014-10-26 09:01:02,550 [main] INFO  org.springframework.beans.factory.support.DefaultListableBeanFactory - Overriding bean definition for bean 'comprasRepository': replacing [Root bean: class [org.springframework.data.jpa.repository.support.JpaRepositoryFactoryBean]; scope=; abstract=false; lazyInit=false; autowireMode=0; dependencyCheck=0; autowireCandidate=true; primary=false; factoryBeanName=null; factoryMethodName=null; initMethodName=null; destroyMethodName=null] with [Root bean: class [org.springframework.data.jpa.repository.support.JpaRepositoryFactoryBean]; scope=; abstract=false; lazyInit=false; autowireMode=0; dependencyCheck=0; autowireCandidate=true; primary=false; factoryBeanName=null; factoryMethodName=null; initMethodName=null; destroyMethodName=null]
2014-10-26 09:01:02,554 [main] INFO  org.springframework.beans.factory.support.DefaultListableBeanFactory - Overriding bean definition for bean 'clienteRepository': replacing [Root bean: class [org.springframework.data.jpa.repository.support.JpaRepositoryFactoryBean]; scope=; abstract=false; lazyInit=false; autowireMode=0; dependencyCheck=0; autowireCandidate=true; primary=false; factoryBeanName=null; factoryMethodName=null; initMethodName=null; destroyMethodName=null] with [Root bean: class [org.springframework.data.jpa.repository.support.JpaRepositoryFactoryBean]; scope=; abstract=false; lazyInit=false; autowireMode=0; dependencyCheck=0; autowireCandidate=true; primary=false; factoryBeanName=null; factoryMethodName=null; initMethodName=null; destroyMethodName=null]
2014-10-26 09:01:02,558 [main] INFO  org.springframework.beans.factory.support.DefaultListableBeanFactory - Overriding bean definition for bean 'clasif_MovimientoRepository': replacing [Root bean: class [org.springframework.data.jpa.repository.support.JpaRepositoryFactoryBean]; scope=; abstract=false; lazyInit=false; autowireMode=0; dependencyCheck=0; autowireCandidate=true; primary=false; factoryBeanName=null; factoryMethodName=null; initMethodName=null; destroyMethodName=null] with [Root bean: class [org.springframework.data.jpa.repository.support.JpaRepositoryFactoryBean]; scope=; abstract=false; lazyInit=false; autowireMode=0; dependencyCheck=0; autowireCandidate=true; primary=false; factoryBeanName=null; factoryMethodName=null; initMethodName=null; destroyMethodName=null]
2014-10-26 09:01:02,560 [main] INFO  org.springframework.beans.factory.support.DefaultListableBeanFactory - Overriding bean definition for bean 'clasif_ClaseRepository': replacing [Root bean: class [org.springframework.data.jpa.repository.support.JpaRepositoryFactoryBean]; scope=; abstract=false; lazyInit=false; autowireMode=0; dependencyCheck=0; autowireCandidate=true; primary=false; factoryBeanName=null; factoryMethodName=null; initMethodName=null; destroyMethodName=null] with [Root bean: class [org.springframework.data.jpa.repository.support.JpaRepositoryFactoryBean]; scope=; abstract=false; lazyInit=false; autowireMode=0; dependencyCheck=0; autowireCandidate=true; primary=false; factoryBeanName=null; factoryMethodName=null; initMethodName=null; destroyMethodName=null]
2014-10-26 09:01:02,562 [main] INFO  org.springframework.beans.factory.support.DefaultListableBeanFactory - Overriding bean definition for bean 'clasif_BodegaRepository': replacing [Root bean: class [org.springframework.data.jpa.repository.support.JpaRepositoryFactoryBean]; scope=; abstract=false; lazyInit=false; autowireMode=0; dependencyCheck=0; autowireCandidate=true; primary=false; factoryBeanName=null; factoryMethodName=null; initMethodName=null; destroyMethodName=null] with [Root bean: class [org.springframework.data.jpa.repository.support.JpaRepositoryFactoryBean]; scope=; abstract=false; lazyInit=false; autowireMode=0; dependencyCheck=0; autowireCandidate=true; primary=false; factoryBeanName=null; factoryMethodName=null; initMethodName=null; destroyMethodName=null]
2014-10-26 09:01:02,564 [main] INFO  org.springframework.beans.factory.support.DefaultListableBeanFactory - Overriding bean definition for bean 'clasif_ProveedorRespository': replacing [Root bean: class [org.springframework.data.jpa.repository.support.JpaRepositoryFactoryBean]; scope=; abstract=false; lazyInit=false; autowireMode=0; dependencyCheck=0; autowireCandidate=true; primary=false; factoryBeanName=null; factoryMethodName=null; initMethodName=null; destroyMethodName=null] with [Root bean: class [org.springframework.data.jpa.repository.support.JpaRepositoryFactoryBean]; scope=; abstract=false; lazyInit=false; autowireMode=0; dependencyCheck=0; autowireCandidate=true; primary=false; factoryBeanName=null; factoryMethodName=null; initMethodName=null; destroyMethodName=null]
2014-10-26 09:01:02,567 [main] INFO  org.springframework.beans.factory.support.DefaultListableBeanFactory - Overriding bean definition for bean 'clasif_MarcaRepository': replacing [Root bean: class [org.springframework.data.jpa.repository.support.JpaRepositoryFactoryBean]; scope=; abstract=false; lazyInit=false; autowireMode=0; dependencyCheck=0; autowireCandidate=true; primary=false; factoryBeanName=null; factoryMethodName=null; initMethodName=null; destroyMethodName=null] with [Root bean: class [org.springframework.data.jpa.repository.support.JpaRepositoryFactoryBean]; scope=; abstract=false; lazyInit=false; autowireMode=0; dependencyCheck=0; autowireCandidate=true; primary=false; factoryBeanName=null; factoryMethodName=null; initMethodName=null; destroyMethodName=null]
2014-10-26 09:01:02,569 [main] INFO  org.springframework.beans.factory.support.DefaultListableBeanFactory - Overriding bean definition for bean 'clasif_ArticuloRepository': replacing [Root bean: class [org.springframework.data.jpa.repository.support.JpaRepositoryFactoryBean]; scope=; abstract=false; lazyInit=false; autowireMode=0; dependencyCheck=0; autowireCandidate=true; primary=false; factoryBeanName=null; factoryMethodName=null; initMethodName=null; destroyMethodName=null] with [Root bean: class [org.springframework.data.jpa.repository.support.JpaRepositoryFactoryBean]; scope=; abstract=false; lazyInit=false; autowireMode=0; dependencyCheck=0; autowireCandidate=true; primary=false; factoryBeanName=null; factoryMethodName=null; initMethodName=null; destroyMethodName=null]
2014-10-26 09:01:02,571 [main] INFO  org.springframework.beans.factory.support.DefaultListableBeanFactory - Overriding bean definition for bean 'bodega_articuloRepository': replacing [Root bean: class [org.springframework.data.jpa.repository.support.JpaRepositoryFactoryBean]; scope=; abstract=false; lazyInit=false; autowireMode=0; dependencyCheck=0; autowireCandidate=true; primary=false; factoryBeanName=null; factoryMethodName=null; initMethodName=null; destroyMethodName=null] with [Root bean: class [org.springframework.data.jpa.repository.support.JpaRepositoryFactoryBean]; scope=; abstract=false; lazyInit=false; autowireMode=0; dependencyCheck=0; autowireCandidate=true; primary=false; factoryBeanName=null; factoryMethodName=null; initMethodName=null; destroyMethodName=null]
2014-10-26 09:01:02,573 [main] INFO  org.springframework.beans.factory.support.DefaultListableBeanFactory - Overriding bean definition for bean 'movimientoRepository': replacing [Root bean: class [org.springframework.data.jpa.repository.support.JpaRepositoryFactoryBean]; scope=; abstract=false; lazyInit=false; autowireMode=0; dependencyCheck=0; autowireCandidate=true; primary=false; factoryBeanName=null; factoryMethodName=null; initMethodName=null; destroyMethodName=null] with [Root bean: class [org.springframework.data.jpa.repository.support.JpaRepositoryFactoryBean]; scope=; abstract=false; lazyInit=false; autowireMode=0; dependencyCheck=0; autowireCandidate=true; primary=false; factoryBeanName=null; factoryMethodName=null; initMethodName=null; destroyMethodName=null]
2014-10-26 09:01:02,576 [main] INFO  org.springframework.beans.factory.support.DefaultListableBeanFactory - Overriding bean definition for bean 'usuarioRepository': replacing [Root bean: class [org.springframework.data.jpa.repository.support.JpaRepositoryFactoryBean]; scope=; abstract=false; lazyInit=false; autowireMode=0; dependencyCheck=0; autowireCandidate=true; primary=false; factoryBeanName=null; factoryMethodName=null; initMethodName=null; destroyMethodName=null] with [Root bean: class [org.springframework.data.jpa.repository.support.JpaRepositoryFactoryBean]; scope=; abstract=false; lazyInit=false; autowireMode=0; dependencyCheck=0; autowireCandidate=true; primary=false; factoryBeanName=null; factoryMethodName=null; initMethodName=null; destroyMethodName=null]
2014-10-26 09:01:02,578 [main] INFO  org.springframework.beans.factory.support.DefaultListableBeanFactory - Overriding bean definition for bean 'clasif_CategoriaRepository': replacing [Root bean: class [org.springframework.data.jpa.repository.support.JpaRepositoryFactoryBean]; scope=; abstract=false; lazyInit=false; autowireMode=0; dependencyCheck=0; autowireCandidate=true; primary=false; factoryBeanName=null; factoryMethodName=null; initMethodName=null; destroyMethodName=null] with [Root bean: class [org.springframework.data.jpa.repository.support.JpaRepositoryFactoryBean]; scope=; abstract=false; lazyInit=false; autowireMode=0; dependencyCheck=0; autowireCandidate=true; primary=false; factoryBeanName=null; factoryMethodName=null; initMethodName=null; destroyMethodName=null]
2014-10-26 09:01:02,581 [main] INFO  org.springframework.beans.factory.support.DefaultListableBeanFactory - Overriding bean definition for bean 'clasif_UnidadRepository': replacing [Root bean: class [org.springframework.data.jpa.repository.support.JpaRepositoryFactoryBean]; scope=; abstract=false; lazyInit=false; autowireMode=0; dependencyCheck=0; autowireCandidate=true; primary=false; factoryBeanName=null; factoryMethodName=null; initMethodName=null; destroyMethodName=null] with [Root bean: class [org.springframework.data.jpa.repository.support.JpaRepositoryFactoryBean]; scope=; abstract=false; lazyInit=false; autowireMode=0; dependencyCheck=0; autowireCandidate=true; primary=false; factoryBeanName=null; factoryMethodName=null; initMethodName=null; destroyMethodName=null]
2014-10-26 09:01:02,618 [main] INFO  org.springframework.context.support.GenericApplicationContext - Refreshing org.springframework.context.support.GenericApplicationContext@1749757: startup date [Sun Oct 26 09:01:02 CET 2014]; root of context hierarchy
2014-10-26 09:01:02,983 [main] INFO  org.springframework.jdbc.datasource.DriverManagerDataSource - Loaded JDBC driver: org.postgresql.Driver
2014-10-26 09:01:03,074 [main] INFO  org.springframework.orm.jpa.LocalContainerEntityManagerFactoryBean - Building JPA container EntityManagerFactory for persistence unit 'jpa.salesforce-test'
2014-10-26 09:01:03,261 [main] INFO  org.hibernate.annotations.common.Version - HCANN000001: Hibernate Commons Annotations {4.0.2.Final}
2014-10-26 09:01:03,270 [main] INFO  org.hibernate.Version - HHH000412: Hibernate Core {4.2.3.Final}
2014-10-26 09:01:03,273 [main] INFO  org.hibernate.cfg.Environment - HHH000206: hibernate.properties not found
2014-10-26 09:01:03,276 [main] INFO  org.hibernate.cfg.Environment - HHH000021: Bytecode provider name : javassist
2014-10-26 09:01:03,302 [main] INFO  org.hibernate.ejb.Ejb3Configuration - HHH000204: Processing PersistenceUnitInfo [
	name: jpa.salesforce-test
	...]
2014-10-26 09:01:03,437 [main] INFO  org.hibernate.service.jdbc.connections.internal.ConnectionProviderInitiator - HHH000130: Instantiating explicit connection provider: org.hibernate.ejb.connection.InjectedDataSourceConnectionProvider
2014-10-26 09:01:04,311 [main] INFO  org.hibernate.dialect.Dialect - HHH000400: Using dialect: org.hibernate.dialect.PostgreSQLDialect
2014-10-26 09:01:04,325 [main] INFO  org.hibernate.engine.jdbc.internal.LobCreatorBuilder - HHH000424: Disabling contextual LOB creation as createClob() method threw error : java.lang.reflect.InvocationTargetException
2014-10-26 09:01:04,588 [main] INFO  org.hibernate.engine.transaction.internal.TransactionFactoryInitiator - HHH000268: Transaction strategy: org.hibernate.engine.transaction.internal.jdbc.JdbcTransactionFactory
2014-10-26 09:01:04,594 [main] INFO  org.hibernate.hql.internal.ast.ASTQueryTranslatorFactory - HHH000397: Using ASTQueryTranslatorFactory
2014-10-26 09:01:04,647 [main] INFO  org.hibernate.validator.util.Version - Hibernate Validator 4.0.2.GA
2014-10-26 09:01:04,657 [main] INFO  org.hibernate.validator.engine.resolver.DefaultTraversableResolver - Instantiated an instance of org.hibernate.validator.engine.resolver.JPATraversableResolver.
2014-10-26 09:01:04,691 [main] INFO  org.hibernate.validator.engine.resolver.DefaultTraversableResolver - Instantiated an instance of org.hibernate.validator.engine.resolver.JPATraversableResolver.
2014-10-26 09:01:05,097 [main] INFO  org.hibernate.tool.hbm2ddl.SchemaUpdate - HHH000228: Running hbm2ddl schema update
2014-10-26 09:01:05,098 [main] INFO  org.hibernate.tool.hbm2ddl.SchemaUpdate - HHH000102: Fetching database metadata
2014-10-26 09:01:05,146 [main] INFO  org.hibernate.tool.hbm2ddl.SchemaUpdate - HHH000396: Updating schema
2014-10-26 09:01:05,217 [main] INFO  org.hibernate.tool.hbm2ddl.TableMetadata - HHH000261: Table found: salesforce.bodega_articulo
2014-10-26 09:01:05,218 [main] INFO  org.hibernate.tool.hbm2ddl.TableMetadata - HHH000037: Columns: [id, clasif_bodega, desabilitado, cantidad, clasif_articulo, costo_total, monto]
2014-10-26 09:01:05,218 [main] INFO  org.hibernate.tool.hbm2ddl.TableMetadata - HHH000108: Foreign keys: []
2014-10-26 09:01:05,219 [main] INFO  org.hibernate.tool.hbm2ddl.TableMetadata - HHH000126: Indexes: [bodega_articulo_pkey]
2014-10-26 09:01:05,291 [main] INFO  org.hibernate.tool.hbm2ddl.TableMetadata - HHH000261: Table found: salesforce.clasif_articulos
2014-10-26 09:01:05,292 [main] INFO  org.hibernate.tool.hbm2ddl.TableMetadata - HHH000037: Columns: [nivel_reorden, clasif_clase_id, clasif_unidad_id, desabilitado, fotografia, nombre_articulo, upc, codigo_articulo, clasif_categoria_id, id, fecha_desde, cantidad_reorden, n_serie, precio, usuarioa_act, precio_costo, margen_ganancia, descripcion_articulo, fecha_hasta, clasif_marca_id]
2014-10-26 09:01:05,293 [main] INFO  org.hibernate.tool.hbm2ddl.TableMetadata - HHH000108: Foreign keys: [fkbb03a411f46f8f18, fkbb03a411a5dbe75c, fkbb03a4119359efbc, fkbb03a411adcb78fc]
2014-10-26 09:01:05,294 [main] INFO  org.hibernate.tool.hbm2ddl.TableMetadata - HHH000126: Indexes: [clasif_articulos_pkey]
2014-10-26 09:01:05,334 [main] INFO  org.hibernate.tool.hbm2ddl.TableMetadata - HHH000261: Table found: salesforce.clasif_bodega
2014-10-26 09:01:05,335 [main] INFO  org.hibernate.tool.hbm2ddl.TableMetadata - HHH000037: Columns: [fecha_desde, id, tipo_bodega, usuarioa_act, desabilitado, descripcion_bodega, fecha_hasta]
2014-10-26 09:01:05,335 [main] INFO  org.hibernate.tool.hbm2ddl.TableMetadata - HHH000108: Foreign keys: []
2014-10-26 09:01:05,336 [main] INFO  org.hibernate.tool.hbm2ddl.TableMetadata - HHH000126: Indexes: [clasif_bodega_pkey]
2014-10-26 09:01:05,388 [main] INFO  org.hibernate.tool.hbm2ddl.TableMetadata - HHH000261: Table found: salesforce.clasif_categorias
2014-10-26 09:01:05,389 [main] INFO  org.hibernate.tool.hbm2ddl.TableMetadata - HHH000037: Columns: [fecha_desde, id, usuarioa_act, desabilitado, descripcion_categoria, fecha_hasta]
2014-10-26 09:01:05,390 [main] INFO  org.hibernate.tool.hbm2ddl.TableMetadata - HHH000108: Foreign keys: []
2014-10-26 09:01:05,390 [main] INFO  org.hibernate.tool.hbm2ddl.TableMetadata - HHH000126: Indexes: [clasif_categorias_pkey]
2014-10-26 09:01:05,441 [main] INFO  org.hibernate.tool.hbm2ddl.TableMetadata - HHH000261: Table found: salesforce.clasif_clases
2014-10-26 09:01:05,442 [main] INFO  org.hibernate.tool.hbm2ddl.TableMetadata - HHH000037: Columns: [clasif_categoria_id, fecha_desde, id, usuarioa_act, desabilitado, descripcion_clase, fecha_hasta]
2014-10-26 09:01:05,442 [main] INFO  org.hibernate.tool.hbm2ddl.TableMetadata - HHH000108: Foreign keys: [fk7e113db0a5dbe75c]
2014-10-26 09:01:05,443 [main] INFO  org.hibernate.tool.hbm2ddl.TableMetadata - HHH000126: Indexes: [clasif_clases_pkey]
2014-10-26 09:01:05,490 [main] INFO  org.hibernate.tool.hbm2ddl.TableMetadata - HHH000261: Table found: salesforce.clasif_marcas
2014-10-26 09:01:05,490 [main] INFO  org.hibernate.tool.hbm2ddl.TableMetadata - HHH000037: Columns: [fecha_desde, id, usuario_act, desabilitado, descripcion_marca, fecha_hasta]
2014-10-26 09:01:05,491 [main] INFO  org.hibernate.tool.hbm2ddl.TableMetadata - HHH000108: Foreign keys: []
2014-10-26 09:01:05,491 [main] INFO  org.hibernate.tool.hbm2ddl.TableMetadata - HHH000126: Indexes: [clasif_marcas_pkey]
2014-10-26 09:01:05,531 [main] INFO  org.hibernate.tool.hbm2ddl.TableMetadata - HHH000261: Table found: salesforce.clasif_movimientos
2014-10-26 09:01:05,531 [main] INFO  org.hibernate.tool.hbm2ddl.TableMetadata - HHH000037: Columns: [fecha_desde, id, usuario_act, desabilitado, clasif_movimientos, descripcion_movimiento, fecha_hasta]
2014-10-26 09:01:05,532 [main] INFO  org.hibernate.tool.hbm2ddl.TableMetadata - HHH000108: Foreign keys: []
2014-10-26 09:01:05,532 [main] INFO  org.hibernate.tool.hbm2ddl.TableMetadata - HHH000126: Indexes: [clasif_movimientos_pkey]
2014-10-26 09:01:05,589 [main] INFO  org.hibernate.tool.hbm2ddl.TableMetadata - HHH000261: Table found: salesforce.clasif_proveedores
2014-10-26 09:01:05,590 [main] INFO  org.hibernate.tool.hbm2ddl.TableMetadata - HHH000037: Columns: [nombre, id, direccion, contacto, fax, email, cuenta_pp, desabilitado, telefono, numero_documento, cuenta_p]
2014-10-26 09:01:05,590 [main] INFO  org.hibernate.tool.hbm2ddl.TableMetadata - HHH000108: Foreign keys: []
2014-10-26 09:01:05,591 [main] INFO  org.hibernate.tool.hbm2ddl.TableMetadata - HHH000126: Indexes: [clasif_proveedores_pkey]
2014-10-26 09:01:05,645 [main] INFO  org.hibernate.tool.hbm2ddl.TableMetadata - HHH000261: Table found: salesforce.clasif_unidades
2014-10-26 09:01:05,645 [main] INFO  org.hibernate.tool.hbm2ddl.TableMetadata - HHH000037: Columns: [fecha_desde, id, usuario_act, desabilitado, fecha_hasta, descripcion_unidad]
2014-10-26 09:01:05,646 [main] INFO  org.hibernate.tool.hbm2ddl.TableMetadata - HHH000108: Foreign keys: []
2014-10-26 09:01:05,646 [main] INFO  org.hibernate.tool.hbm2ddl.TableMetadata - HHH000126: Indexes: [clasif_unidades_pkey]
2014-10-26 09:01:05,689 [main] INFO  org.hibernate.tool.hbm2ddl.TableMetadata - HHH000261: Table found: salesforce.cliente
2014-10-26 09:01:05,689 [main] INFO  org.hibernate.tool.hbm2ddl.TableMetadata - HHH000037: Columns: [fecha_desde, nombre, id, direccion, razon_social, desabilitado, materno, paterno, fecha_hasta, numero_documento]
2014-10-26 09:01:05,690 [main] INFO  org.hibernate.tool.hbm2ddl.TableMetadata - HHH000108: Foreign keys: []
2014-10-26 09:01:05,690 [main] INFO  org.hibernate.tool.hbm2ddl.TableMetadata - HHH000126: Indexes: [cliente_pkey]
2014-10-26 09:01:05,729 [main] INFO  org.hibernate.tool.hbm2ddl.TableMetadata - HHH000261: Table found: salesforce.compras
2014-10-26 09:01:05,730 [main] INFO  org.hibernate.tool.hbm2ddl.TableMetadata - HHH000037: Columns: [clasif_bodega_id, id, numero_compra, desabilitado, cantidad_existente]
2014-10-26 09:01:05,730 [main] INFO  org.hibernate.tool.hbm2ddl.TableMetadata - HHH000108: Foreign keys: [fk6373069534652178]
2014-10-26 09:01:05,731 [main] INFO  org.hibernate.tool.hbm2ddl.TableMetadata - HHH000126: Indexes: [compras_pkey]
2014-10-26 09:01:05,776 [main] INFO  org.hibernate.tool.hbm2ddl.TableMetadata - HHH000261: Table found: salesforce.detalle_compras_articulo
2014-10-26 09:01:05,776 [main] INFO  org.hibernate.tool.hbm2ddl.TableMetadata - HHH000037: Columns: [clasif_articulo_id, cantidadexistente, compras_id]
2014-10-26 09:01:05,777 [main] INFO  org.hibernate.tool.hbm2ddl.TableMetadata - HHH000108: Foreign keys: [fka39a792d67aa18, fka39a792d7cfdc118]
2014-10-26 09:01:05,777 [main] INFO  org.hibernate.tool.hbm2ddl.TableMetadata - HHH000126: Indexes: [detalle_compras_articulo_pkey]
2014-10-26 09:01:05,823 [main] INFO  org.hibernate.tool.hbm2ddl.TableMetadata - HHH000261: Table found: salesforce.movimientos
2014-10-26 09:01:05,823 [main] INFO  org.hibernate.tool.hbm2ddl.TableMetadata - HHH000037: Columns: [id, estado, clasif_movimiento_id, fecha, desabilitado, experiencia, clasif_proveedor_id, observaciones, fecha_act]
2014-10-26 09:01:05,824 [main] INFO  org.hibernate.tool.hbm2ddl.TableMetadata - HHH000108: Foreign keys: [fk3696a5e89b5037c, fk3696a5e857d9758]
2014-10-26 09:01:05,824 [main] INFO  org.hibernate.tool.hbm2ddl.TableMetadata - HHH000126: Indexes: [movimientos_pkey]
2014-10-26 09:01:05,873 [main] INFO  org.hibernate.tool.hbm2ddl.TableMetadata - HHH000261: Table found: salesforce.usuarios
2014-10-26 09:01:05,874 [main] INFO  org.hibernate.tool.hbm2ddl.TableMetadata - HHH000037: Columns: [nombre, id, nombre_usuario, estado, email, desabilitado, materno, rol, paterno, password]
2014-10-26 09:01:05,875 [main] INFO  org.hibernate.tool.hbm2ddl.TableMetadata - HHH000108: Foreign keys: []
2014-10-26 09:01:05,875 [main] INFO  org.hibernate.tool.hbm2ddl.TableMetadata - HHH000126: Indexes: [usuarios_pkey]
2014-10-26 09:01:05,918 [main] INFO  org.hibernate.tool.hbm2ddl.TableMetadata - HHH000261: Table found: salesforce_param.clasif_marca
2014-10-26 09:01:05,919 [main] INFO  org.hibernate.tool.hbm2ddl.TableMetadata - HHH000037: Columns: [id, sf_codigo, sf_descripcion, desabilitado]
2014-10-26 09:01:05,919 [main] INFO  org.hibernate.tool.hbm2ddl.TableMetadata - HHH000108: Foreign keys: []
2014-10-26 09:01:05,919 [main] INFO  org.hibernate.tool.hbm2ddl.TableMetadata - HHH000126: Indexes: [clasif_marca_pkey, uc_clasif_marca_1]
2014-10-26 09:01:05,961 [main] INFO  org.hibernate.tool.hbm2ddl.TableMetadata - HHH000261: Table found: salesforce_param.clasif_unidad
2014-10-26 09:01:05,962 [main] INFO  org.hibernate.tool.hbm2ddl.TableMetadata - HHH000037: Columns: [id, sf_codigo, sf_descripcion, desabilitado]
2014-10-26 09:01:05,962 [main] INFO  org.hibernate.tool.hbm2ddl.TableMetadata - HHH000108: Foreign keys: []
2014-10-26 09:01:05,963 [main] INFO  org.hibernate.tool.hbm2ddl.TableMetadata - HHH000126: Indexes: [clasif_unidad_pkey, uc_clasif_unidad_1]
2014-10-26 09:01:05,965 [main] INFO  org.hibernate.tool.hbm2ddl.SchemaUpdate - HHH000232: Schema update complete
2014-10-26 09:01:06,242 [main] INFO  org.springframework.web.servlet.mvc.method.annotation.RequestMappingHandlerMapping - Mapped "{[/uploadFiles],methods=[POST],params=[],headers=[],consumes=[],produces=[],custom=[]}" onto public com.bo.openlogics.core.bean.JsonResult com.bo.openlogics.sales.controller.FileUpDownLoadController.handleFileUpload(org.springframework.web.multipart.MultipartHttpServletRequest) throws java.io.IOException
2014-10-26 09:01:06,244 [main] INFO  org.springframework.web.servlet.mvc.method.annotation.RequestMappingHandlerMapping - Mapped "{[/getImage/{value}],methods=[GET],params=[],headers=[],consumes=[],produces=[],custom=[]}" onto public void com.bo.openlogics.sales.controller.FileUpDownLoadController.get(javax.servlet.http.HttpServletResponse,java.lang.String)
2014-10-26 09:01:06,246 [main] INFO  org.springframework.web.servlet.mvc.method.annotation.RequestMappingHandlerMapping - Mapped "{[/barCodeFromData/{data}],methods=[GET],params=[],headers=[],consumes=[],produces=[],custom=[]}" onto public void com.bo.openlogics.sales.controller.SalesForceBarCodeRESTController.getQRCodeFromData(javax.servlet.http.HttpServletResponse,java.lang.String)
2014-10-26 09:01:06,251 [main] INFO  org.springframework.web.servlet.mvc.method.annotation.RequestMappingHandlerMapping - Mapped "{[/marcas/guardar],methods=[POST],params=[],headers=[],consumes=[],produces=[],custom=[]}" onto public com.bo.openlogics.core.bean.JsonResult com.bo.openlogics.sales.controller.SalesForceParamRESTController.saveMarca(com.bo.openlogics.sales.model.Clasif_Marca)
2014-10-26 09:01:06,252 [main] INFO  org.springframework.web.servlet.mvc.method.annotation.RequestMappingHandlerMapping - Mapped "{[/unidad_medida/guardar],methods=[POST],params=[],headers=[],consumes=[],produces=[],custom=[]}" onto public com.bo.openlogics.core.bean.JsonResult com.bo.openlogics.sales.controller.SalesForceParamRESTController.saveUnidad(com.bo.openlogics.sales.model.Clasif_Unidad)
2014-10-26 09:01:06,253 [main] INFO  org.springframework.web.servlet.mvc.method.annotation.RequestMappingHandlerMapping - Mapped "{[/clasif_Bodega],methods=[GET],params=[],headers=[],consumes=[],produces=[],custom=[]}" onto public com.bo.openlogics.core.bean.JsonResult com.bo.openlogics.sales.controller.SalesForceParamRESTController.listadoClasifBodega()
2014-10-26 09:01:06,255 [main] INFO  org.springframework.web.servlet.mvc.method.annotation.RequestMappingHandlerMapping - Mapped "{[/marcas_producto],methods=[GET],params=[],headers=[],consumes=[],produces=[],custom=[]}" onto public com.bo.openlogics.core.bean.JsonResult com.bo.openlogics.sales.controller.SalesForceParamRESTController.findByMarcas()
2014-10-26 09:01:06,256 [main] INFO  org.springframework.web.servlet.mvc.method.annotation.RequestMappingHandlerMapping - Mapped "{[/unidad_medida],methods=[GET],params=[],headers=[],consumes=[],produces=[],custom=[]}" onto public com.bo.openlogics.core.bean.JsonResult com.bo.openlogics.sales.controller.SalesForceParamRESTController.findByUnidadMedida()
2014-10-26 09:01:06,256 [main] INFO  org.springframework.web.servlet.mvc.method.annotation.RequestMappingHandlerMapping - Mapped "{[/categoria],methods=[GET],params=[],headers=[],consumes=[],produces=[],custom=[]}" onto public com.bo.openlogics.core.bean.JsonResult com.bo.openlogics.sales.controller.SalesForceParamRESTController.findByCategoria()
2014-10-26 09:01:06,258 [main] INFO  org.springframework.web.servlet.mvc.method.annotation.RequestMappingHandlerMapping - Mapped "{[/categoria/{idCategoria}/clase],methods=[GET],params=[],headers=[],consumes=[],produces=[],custom=[]}" onto public com.bo.openlogics.core.bean.JsonResult com.bo.openlogics.sales.controller.SalesForceParamRESTController.findByClase(java.lang.Long)
2014-10-26 09:01:06,259 [main] INFO  org.springframework.web.servlet.mvc.method.annotation.RequestMappingHandlerMapping - Mapped "{[/clases],methods=[GET],params=[],headers=[],consumes=[],produces=[],custom=[]}" onto public com.bo.openlogics.core.bean.JsonResult com.bo.openlogics.sales.controller.SalesForceParamRESTController.findByClases()
2014-10-26 09:01:06,260 [main] INFO  org.springframework.web.servlet.mvc.method.annotation.RequestMappingHandlerMapping - Mapped "{[/clases/guardar],methods=[POST],params=[],headers=[],consumes=[],produces=[],custom=[]}" onto public com.bo.openlogics.core.bean.JsonResult com.bo.openlogics.sales.controller.SalesForceParamRESTController.saveClase(com.bo.openlogics.sales.model.Clasif_Clase)
2014-10-26 09:01:06,261 [main] INFO  org.springframework.web.servlet.mvc.method.annotation.RequestMappingHandlerMapping - Mapped "{[/tipoMovimiento],methods=[GET],params=[],headers=[],consumes=[],produces=[],custom=[]}" onto public com.bo.openlogics.core.bean.JsonResult com.bo.openlogics.sales.controller.SalesForceParamRESTController.findByTipoMovimiento()
2014-10-26 09:01:06,262 [main] INFO  org.springframework.web.servlet.mvc.method.annotation.RequestMappingHandlerMapping - Mapped "{[/clasificadorBodega/guardar],methods=[POST],params=[],headers=[],consumes=[],produces=[],custom=[]}" onto public com.bo.openlogics.core.bean.JsonResult com.bo.openlogics.sales.controller.SalesForceParamRESTController.guardarClasifBodega(com.bo.openlogics.sales.model.Clasif_Bodega)
2014-10-26 09:01:06,263 [main] INFO  org.springframework.web.servlet.mvc.method.annotation.RequestMappingHandlerMapping - Mapped "{[/clientes],methods=[GET],params=[],headers=[],consumes=[],produces=[],custom=[]}" onto public com.bo.openlogics.core.bean.JsonResult com.bo.openlogics.sales.controller.SalesForceParamRESTController.listadoClientes()
2014-10-26 09:01:06,264 [main] INFO  org.springframework.web.servlet.mvc.method.annotation.RequestMappingHandlerMapping - Mapped "{[/categoria/guardar],methods=[POST],params=[],headers=[],consumes=[],produces=[],custom=[]}" onto public com.bo.openlogics.core.bean.JsonResult com.bo.openlogics.sales.controller.SalesForceParamRESTController.save(com.bo.openlogics.sales.model.Clasif_Categoria)
2014-10-26 09:01:06,266 [main] INFO  org.springframework.web.servlet.mvc.method.annotation.RequestMappingHandlerMapping - Mapped "{[/etiqueta/articulo/{id}],methods=[GET],params=[],headers=[],consumes=[],produces=[],custom=[]}" onto public com.bo.openlogics.core.bean.JsonResult com.bo.openlogics.sales.controller.SalesForceReportRESTController.getReporteArticulo(java.lang.Long)
2014-10-26 09:01:06,267 [main] INFO  org.springframework.web.servlet.mvc.method.annotation.RequestMappingHandlerMapping - Mapped "{[/reportes/{tipoReporte}/{idArticulo}],methods=[GET],params=[],headers=[],consumes=[],produces=[],custom=[]}" onto public void com.bo.openlogics.sales.controller.SalesForceReportRESTController.reporteEtiquetaArticulo(javax.servlet.http.HttpServletResponse,java.lang.String,java.lang.String)
2014-10-26 09:01:06,273 [main] INFO  org.springframework.web.servlet.mvc.method.annotation.RequestMappingHandlerMapping - Mapped "{[/proveedor/guardar],methods=[POST],params=[],headers=[],consumes=[],produces=[],custom=[]}" onto public com.bo.openlogics.core.bean.JsonResult com.bo.openlogics.sales.controller.SalesForceRESTController.saveProveedor(com.bo.openlogics.sales.model.Clasif_Proveedor)
2014-10-26 09:01:06,274 [main] INFO  org.springframework.web.servlet.mvc.method.annotation.RequestMappingHandlerMapping - Mapped "{[/cliente/guardar],methods=[POST],params=[],headers=[],consumes=[],produces=[],custom=[]}" onto public com.bo.openlogics.core.bean.JsonResult com.bo.openlogics.sales.controller.SalesForceRESTController.saveCliente(com.bo.openlogics.sales.model.Cliente)
2014-10-26 09:01:06,275 [main] INFO  org.springframework.web.servlet.mvc.method.annotation.RequestMappingHandlerMapping - Mapped "{[/compra/guardar],methods=[POST],params=[],headers=[],consumes=[],produces=[],custom=[]}" onto public com.bo.openlogics.core.bean.JsonResult com.bo.openlogics.sales.controller.SalesForceRESTController.adicionarCompras(com.bo.openlogics.sales.beans.ComprasBean)
2014-10-26 09:01:06,277 [main] INFO  org.springframework.web.servlet.mvc.method.annotation.RequestMappingHandlerMapping - Mapped "{[/articulo/get/{idArticulo}],methods=[GET],params=[],headers=[],consumes=[],produces=[],custom=[]}" onto public com.bo.openlogics.core.bean.JsonResult com.bo.openlogics.sales.controller.SalesForceRESTController.getById(java.lang.Long)
2014-10-26 09:01:06,277 [main] INFO  org.springframework.web.servlet.mvc.method.annotation.RequestMappingHandlerMapping - Mapped "{[/articulo/editar],methods=[POST],params=[],headers=[],consumes=[],produces=[],custom=[]}" onto public com.bo.openlogics.core.bean.JsonResult com.bo.openlogics.sales.controller.SalesForceRESTController.editarArticulo(com.bo.openlogics.sales.model.Clasif_Articulo)
2014-10-26 09:01:06,278 [main] INFO  org.springframework.web.servlet.mvc.method.annotation.RequestMappingHandlerMapping - Mapped "{[/articulo/desabilitar/{idArticulo}],methods=[POST],params=[],headers=[],consumes=[],produces=[],custom=[]}" onto public com.bo.openlogics.core.bean.JsonResult com.bo.openlogics.sales.controller.SalesForceRESTController.desabilitarArticulo(java.lang.Long)
2014-10-26 09:01:06,279 [main] INFO  org.springframework.web.servlet.mvc.method.annotation.RequestMappingHandlerMapping - Mapped "{[/proveedores],methods=[GET],params=[],headers=[],consumes=[],produces=[],custom=[]}" onto public com.bo.openlogics.core.bean.JsonResult com.bo.openlogics.sales.controller.SalesForceRESTController.listadoProveedores()
2014-10-26 09:01:06,280 [main] INFO  org.springframework.web.servlet.mvc.method.annotation.RequestMappingHandlerMapping - Mapped "{[/proveedorMovimiento],methods=[GET],params=[],headers=[],consumes=[],produces=[],custom=[]}" onto public com.bo.openlogics.core.bean.JsonResult com.bo.openlogics.sales.controller.SalesForceRESTController.listadoProveedoresHabilitados()
2014-10-26 09:01:06,281 [main] INFO  org.springframework.web.servlet.mvc.method.annotation.RequestMappingHandlerMapping - Mapped "{[/bodega/buscar/{idBodega}],methods=[GET],params=[],headers=[],consumes=[],produces=[],custom=[]}" onto public com.bo.openlogics.core.bean.JsonResult com.bo.openlogics.sales.controller.SalesForceRESTController.buscarBodegaById(java.lang.Long)
2014-10-26 09:01:06,283 [main] INFO  org.springframework.web.servlet.mvc.method.annotation.RequestMappingHandlerMapping - Mapped "{[/articulosHabilitados],methods=[GET],params=[],headers=[],consumes=[],produces=[],custom=[]}" onto public com.bo.openlogics.core.bean.JsonResult com.bo.openlogics.sales.controller.SalesForceRESTController.listadoAriculosHabilitados()
2014-10-26 09:01:06,284 [main] INFO  org.springframework.web.servlet.mvc.method.annotation.RequestMappingHandlerMapping - Mapped "{[/articuloMovimiento],methods=[GET],params=[],headers=[],consumes=[],produces=[],custom=[]}" onto public com.bo.openlogics.core.bean.JsonResult com.bo.openlogics.sales.controller.SalesForceRESTController.listadoArticulo()
2014-10-26 09:01:06,286 [main] INFO  org.springframework.web.servlet.mvc.method.annotation.RequestMappingHandlerMapping - Mapped "{[/bodega/articulos/guardar],methods=[POST],params=[],headers=[],consumes=[],produces=[],custom=[]}" onto public com.bo.openlogics.core.bean.JsonResult com.bo.openlogics.sales.controller.SalesForceRESTController.adicionarBodegaArticulos(com.bo.openlogics.sales.model.Bodega_articulo)
2014-10-26 09:01:06,287 [main] INFO  org.springframework.web.servlet.mvc.method.annotation.RequestMappingHandlerMapping - Mapped "{[/clasificador_bodega],methods=[GET],params=[],headers=[],consumes=[],produces=[],custom=[]}" onto public com.bo.openlogics.core.bean.JsonResult com.bo.openlogics.sales.controller.SalesForceRESTController.getClasifBodega()
2014-10-26 09:01:06,288 [main] INFO  org.springframework.web.servlet.mvc.method.annotation.RequestMappingHandlerMapping - Mapped "{[/clientes/detalle],methods=[GET],params=[],headers=[],consumes=[],produces=[],custom=[]}" onto public com.bo.openlogics.core.bean.JsonResult com.bo.openlogics.sales.controller.SalesForceRESTController.listadoClientesDetalle()
2014-10-26 09:01:06,290 [main] INFO  org.springframework.web.servlet.mvc.method.annotation.RequestMappingHandlerMapping - Mapped "{[/cliente/buscar/{numero}],methods=[GET],params=[],headers=[],consumes=[],produces=[],custom=[]}" onto public com.bo.openlogics.core.bean.JsonResult com.bo.openlogics.sales.controller.SalesForceRESTController.buscarClienteByNumero(java.lang.String)
2014-10-26 09:01:06,291 [main] INFO  org.springframework.web.servlet.mvc.method.annotation.RequestMappingHandlerMapping - Mapped "{[/articulo/guardar],methods=[POST],params=[],headers=[],consumes=[],produces=[],custom=[]}" onto public com.bo.openlogics.core.bean.JsonResult com.bo.openlogics.sales.controller.SalesForceRESTController.save(com.bo.openlogics.sales.model.Clasif_Articulo)
2014-10-26 09:01:06,293 [main] INFO  org.springframework.web.servlet.mvc.method.annotation.RequestMappingHandlerMapping - Mapped "{[/login/{nombre_usuario}/{password}],methods=[POST],params=[],headers=[],consumes=[],produces=[],custom=[]}" onto public com.bo.openlogics.core.bean.JsonResult com.bo.openlogics.sales.controller.UsuarioRestController.findUserAndPass(java.lang.String,java.lang.String)
2014-10-26 09:01:06,304 [main] INFO  org.hibernate.validator.engine.resolver.DefaultTraversableResolver - Instantiated an instance of org.hibernate.validator.engine.resolver.JPATraversableResolver.
2014-10-26 09:01:06,827 [main] INFO  org.dozer.config.GlobalSettings - Trying to find Dozer configuration file: dozer.properties
2014-10-26 09:01:06,838 [main] WARN  org.dozer.config.GlobalSettings - Dozer configuration file not found: dozer.properties.  Using defaults for all Dozer global properties.
2014-10-26 09:01:06,841 [main] INFO  org.dozer.DozerInitializer - Initializing Dozer. Version: 5.4.0, Thread Name: main
2014-10-26 09:01:06,984 [main] INFO  org.dozer.jmx.JMXPlatformImpl - Dozer JMX MBean [org.dozer.jmx:type=DozerStatisticsController] auto registered with the Platform MBean Server
2014-10-26 09:01:06,985 [main] INFO  org.dozer.jmx.JMXPlatformImpl - Dozer JMX MBean [org.dozer.jmx:type=DozerAdminController] auto registered with the Platform MBean Server
2014-10-26 09:01:06,989 [main] INFO  org.dozer.DozerBeanMapper - Initializing a new instance of dozer bean mapper.
2014-10-26 09:01:08,663 [Thread-1] INFO  org.springframework.context.support.GenericApplicationContext - Closing org.springframework.context.support.GenericApplicationContext@1749757: startup date [Sun Oct 26 09:01:02 CET 2014]; root of context hierarchy
2014-10-26 09:01:08,669 [Thread-1] INFO  org.springframework.orm.jpa.LocalContainerEntityManagerFactoryBean - Closing JPA EntityManagerFactory for persistence unit 'jpa.salesforce-test'
